============================= test session starts ==============================
platform linux -- Python 3.11.12, pytest-8.3.5, pluggy-1.5.0 -- /home/rationallyprime/CascadeProjects/PSA/.venv/bin/python
cachedir: .pytest_cache
rootdir: /home/rationallyprime/CascadeProjects/PSA
configfile: pyproject.toml
plugins: typeguard-4.4.2
collecting ... collected 5 items

tests/test_client_fields.py::test_fields_parameter PASSED                [ 20%]
tests/test_client_fields.py::test_conditions_parameter PASSED            [ 40%]
tests/test_client_fields.py::test_extract_entity_with_validation PASSED  [ 60%]
tests/test_client_fields.py::test_time_entry_extraction PASSED           [ 80%]
tests/test_client_fields.py::test_combined_parameters PASSED             [100%]

============================== 5 passed in 2.04s ===============================
